<?xml version="1.0" encoding="UTF-8"?>
<!-- Generated by org.testng.reporters.JUnitReportReporter -->
<testsuite hostname="IN-6G9XZD3" failures="0" tests="1" name="ExportSpreadSheet.ExportSpreadsheet" time="18.944" errors="0" timestamp="2024-11-20T15:31:31 IST" skipped="0">
  <testcase classname="ExportSpreadSheet.ExportSpreadsheet" name="exportToexcel" time="18.944"/>
  <system-out/>
</testsuite> <!-- ExportSpreadSheet.ExportSpreadsheet -->
