<?xml version="1.0" encoding="UTF-8"?>
<!-- Generated by org.testng.reporters.JUnitReportReporter -->
<testsuite hostname="IN-6G9XZD3" failures="0" tests="4" name="LoginPage.FirstTestCase" time="15.311" errors="0" timestamp="2024-11-19T14:54:26 IST" skipped="0">
  <testcase classname="LoginPage.FirstTestCase" name="openApp" time="6.112"/>
  <system-out/>
  <testcase classname="LoginPage.FirstTestCase" name="testLogo" time="0.356"/>
  <system-out/>
  <testcase classname="LoginPage.FirstTestCase" name="loginWebApp" time="2.489"/>
  <system-out/>
  <testcase classname="LoginPage.FirstTestCase" name="logOut" time="6.354"/>
  <system-out/>
</testsuite> <!-- LoginPage.FirstTestCase -->
