<?xml version="1.0" encoding="UTF-8"?>
<!-- Generated by org.testng.reporters.JUnitReportReporter -->
<testsuite hostname="IN-6G9XZD3" failures="0" tests="1" name="ExportImages.ExportImages" time="19.356" errors="0" timestamp="2024-11-20T15:20:06 IST" skipped="0">
  <testcase classname="ExportImages.ExportImages" name="exportToPPT" time="19.356"/>
  <system-out/>
</testsuite> <!-- ExportImages.ExportImages -->
